2017.04.18 19:04 B D:\www\estoque6\application\helpers\mpdf\ttfonts\DejaVuinfo.txt <-- @estoque /public_html/dev/estoque/application/helpers/mpdf/ttfonts DejaVuinfo.txt
2017.04.18 19:04 B D:\www\estoque6\application\helpers\mpdf\ttfonts\DejaVuSans-Bold.ttf <-- @estoque /public_html/dev/estoque/application/helpers/mpdf/ttfonts DejaVuSans-Bold.ttf
2017.04.18 19:04 B D:\www\estoque6\application\helpers\mpdf\ttfonts\DejaVuSans-BoldOblique.ttf <-- @estoque /public_html/dev/estoque/application/helpers/mpdf/ttfonts DejaVuSans-BoldOblique.ttf
2017.04.18 19:04 B D:\www\estoque6\application\helpers\mpdf\ttfonts\DejaVuSans-Oblique.ttf <-- @estoque /public_html/dev/estoque/application/helpers/mpdf/ttfonts DejaVuSans-Oblique.ttf
2017.04.18 19:04 B D:\www\estoque6\application\helpers\mpdf\ttfonts\DejaVuSans.ttf <-- @estoque /public_html/dev/estoque/application/helpers/mpdf/ttfonts DejaVuSans.ttf
2017.04.18 19:04 B D:\www\estoque6\application\helpers\mpdf\ttfonts\DejaVuSansCondensed-Bold.ttf <-- @estoque /public_html/dev/estoque/application/helpers/mpdf/ttfonts DejaVuSansCondensed-Bold.ttf
2017.04.18 19:04 B D:\www\estoque6\application\helpers\mpdf\ttfonts\DejaVuSansCondensed-BoldOblique.ttf <-- @estoque /public_html/dev/estoque/application/helpers/mpdf/ttfonts DejaVuSansCondensed-BoldOblique.ttf
2017.04.18 19:04 B D:\www\estoque6\application\helpers\mpdf\ttfonts\DejaVuSansCondensed-Oblique.ttf <-- @estoque /public_html/dev/estoque/application/helpers/mpdf/ttfonts DejaVuSansCondensed-Oblique.ttf
2017.04.18 19:04 B D:\www\estoque6\application\helpers\mpdf\ttfonts\DejaVuSansCondensed.ttf <-- @estoque /public_html/dev/estoque/application/helpers/mpdf/ttfonts DejaVuSansCondensed.ttf
2017.04.18 19:04 B D:\www\estoque6\application\helpers\mpdf\ttfonts\DejaVuSansMono-Bold.ttf <-- @estoque /public_html/dev/estoque/application/helpers/mpdf/ttfonts DejaVuSansMono-Bold.ttf
2017.04.18 19:04 B D:\www\estoque6\application\helpers\mpdf\ttfonts\DejaVuSansMono-BoldOblique.ttf <-- @estoque /public_html/dev/estoque/application/helpers/mpdf/ttfonts DejaVuSansMono-BoldOblique.ttf
2017.04.18 19:04 B D:\www\estoque6\application\helpers\mpdf\ttfonts\DejaVuSansMono-Oblique.ttf <-- @estoque /public_html/dev/estoque/application/helpers/mpdf/ttfonts DejaVuSansMono-Oblique.ttf
2017.04.18 19:04 B D:\www\estoque6\application\helpers\mpdf\ttfonts\DejaVuSansMono.ttf <-- @estoque /public_html/dev/estoque/application/helpers/mpdf/ttfonts DejaVuSansMono.ttf
2017.04.18 19:05 B D:\www\estoque6\application\helpers\mpdf\ttfonts\DejaVuSerif-Bold.ttf <-- @estoque /public_html/dev/estoque/application/helpers/mpdf/ttfonts DejaVuSerif-Bold.ttf
2017.04.18 19:05 B D:\www\estoque6\application\helpers\mpdf\ttfonts\DejaVuSerif-BoldItalic.ttf <-- @estoque /public_html/dev/estoque/application/helpers/mpdf/ttfonts DejaVuSerif-BoldItalic.ttf
2017.04.18 19:05 B D:\www\estoque6\application\helpers\mpdf\ttfonts\DejaVuSerif-Italic.ttf <-- @estoque /public_html/dev/estoque/application/helpers/mpdf/ttfonts DejaVuSerif-Italic.ttf
2017.04.18 19:05 B D:\www\estoque6\application\helpers\mpdf\ttfonts\DejaVuSerif.ttf <-- @estoque /public_html/dev/estoque/application/helpers/mpdf/ttfonts DejaVuSerif.ttf
2017.04.18 19:05 B D:\www\estoque6\application\helpers\mpdf\ttfonts\DejaVuSerifCondensed-Bold.ttf <-- @estoque /public_html/dev/estoque/application/helpers/mpdf/ttfonts DejaVuSerifCondensed-Bold.ttf
2017.04.18 19:05 B D:\www\estoque6\application\helpers\mpdf\ttfonts\DejaVuSerifCondensed-BoldItalic.ttf <-- @estoque /public_html/dev/estoque/application/helpers/mpdf/ttfonts DejaVuSerifCondensed-BoldItalic.ttf
2017.04.18 19:05 B D:\www\estoque6\application\helpers\mpdf\ttfonts\DejaVuSerifCondensed-Italic.ttf <-- @estoque /public_html/dev/estoque/application/helpers/mpdf/ttfonts DejaVuSerifCondensed-Italic.ttf
2017.04.18 19:05 B D:\www\estoque6\application\helpers\mpdf\ttfonts\DejaVuSerifCondensed.ttf <-- @estoque /public_html/dev/estoque/application/helpers/mpdf/ttfonts DejaVuSerifCondensed.ttf
2017.04.19 16:39 B D:\www\estoque6\application\helpers\mpdf\ttfonts\WS_FTP.LOG --> ftp.agtutoia.com.br /public_html/estoque6/application/helpers/mpdf/ttfonts WS_FTP.LOG
2017.04.19 16:39 B D:\www\estoque6\application\helpers\mpdf\ttfonts\DejaVuSerifCondensed.ttf --> ftp.agtutoia.com.br /public_html/estoque6/application/helpers/mpdf/ttfonts DejaVuSerifCondensed.ttf
2017.04.19 16:39 B D:\www\estoque6\application\helpers\mpdf\ttfonts\DejaVuSerifCondensed-Italic.ttf --> ftp.agtutoia.com.br /public_html/estoque6/application/helpers/mpdf/ttfonts DejaVuSerifCondensed-Italic.ttf
2017.04.19 16:39 B D:\www\estoque6\application\helpers\mpdf\ttfonts\DejaVuSerifCondensed-BoldItalic.ttf --> ftp.agtutoia.com.br /public_html/estoque6/application/helpers/mpdf/ttfonts DejaVuSerifCondensed-BoldItalic.ttf
2017.04.19 16:39 B D:\www\estoque6\application\helpers\mpdf\ttfonts\DejaVuSerifCondensed-Bold.ttf --> ftp.agtutoia.com.br /public_html/estoque6/application/helpers/mpdf/ttfonts DejaVuSerifCondensed-Bold.ttf
2017.04.19 16:39 B D:\www\estoque6\application\helpers\mpdf\ttfonts\DejaVuSerif.ttf --> ftp.agtutoia.com.br /public_html/estoque6/application/helpers/mpdf/ttfonts DejaVuSerif.ttf
2017.04.19 16:39 B D:\www\estoque6\application\helpers\mpdf\ttfonts\DejaVuSerif-Italic.ttf --> ftp.agtutoia.com.br /public_html/estoque6/application/helpers/mpdf/ttfonts DejaVuSerif-Italic.ttf
2017.04.19 16:39 B D:\www\estoque6\application\helpers\mpdf\ttfonts\DejaVuSerif-BoldItalic.ttf --> ftp.agtutoia.com.br /public_html/estoque6/application/helpers/mpdf/ttfonts DejaVuSerif-BoldItalic.ttf
2017.04.19 16:39 B D:\www\estoque6\application\helpers\mpdf\ttfonts\DejaVuSerif-Bold.ttf --> ftp.agtutoia.com.br /public_html/estoque6/application/helpers/mpdf/ttfonts DejaVuSerif-Bold.ttf
2017.04.19 16:39 B D:\www\estoque6\application\helpers\mpdf\ttfonts\DejaVuSansMono.ttf --> ftp.agtutoia.com.br /public_html/estoque6/application/helpers/mpdf/ttfonts DejaVuSansMono.ttf
2017.04.19 16:39 B D:\www\estoque6\application\helpers\mpdf\ttfonts\DejaVuSansMono-Oblique.ttf --> ftp.agtutoia.com.br /public_html/estoque6/application/helpers/mpdf/ttfonts DejaVuSansMono-Oblique.ttf
2017.04.19 16:39 B D:\www\estoque6\application\helpers\mpdf\ttfonts\DejaVuSansMono-BoldOblique.ttf --> ftp.agtutoia.com.br /public_html/estoque6/application/helpers/mpdf/ttfonts DejaVuSansMono-BoldOblique.ttf
2017.04.19 16:40 B D:\www\estoque6\application\helpers\mpdf\ttfonts\DejaVuSansMono-Bold.ttf --> ftp.agtutoia.com.br /public_html/estoque6/application/helpers/mpdf/ttfonts DejaVuSansMono-Bold.ttf
2017.04.19 16:40 B D:\www\estoque6\application\helpers\mpdf\ttfonts\DejaVuSansCondensed.ttf --> ftp.agtutoia.com.br /public_html/estoque6/application/helpers/mpdf/ttfonts DejaVuSansCondensed.ttf
2017.04.19 16:40 B D:\www\estoque6\application\helpers\mpdf\ttfonts\DejaVuSansCondensed-Oblique.ttf --> ftp.agtutoia.com.br /public_html/estoque6/application/helpers/mpdf/ttfonts DejaVuSansCondensed-Oblique.ttf
2017.04.19 16:40 B D:\www\estoque6\application\helpers\mpdf\ttfonts\DejaVuSansCondensed-BoldOblique.ttf --> ftp.agtutoia.com.br /public_html/estoque6/application/helpers/mpdf/ttfonts DejaVuSansCondensed-BoldOblique.ttf
2017.04.19 16:40 B D:\www\estoque6\application\helpers\mpdf\ttfonts\DejaVuSansCondensed-Bold.ttf --> ftp.agtutoia.com.br /public_html/estoque6/application/helpers/mpdf/ttfonts DejaVuSansCondensed-Bold.ttf
2017.04.19 16:40 B D:\www\estoque6\application\helpers\mpdf\ttfonts\DejaVuSans.ttf --> ftp.agtutoia.com.br /public_html/estoque6/application/helpers/mpdf/ttfonts DejaVuSans.ttf
2017.04.19 16:40 B D:\www\estoque6\application\helpers\mpdf\ttfonts\DejaVuSans-Oblique.ttf --> ftp.agtutoia.com.br /public_html/estoque6/application/helpers/mpdf/ttfonts DejaVuSans-Oblique.ttf
2017.04.19 16:40 B D:\www\estoque6\application\helpers\mpdf\ttfonts\DejaVuSans-BoldOblique.ttf --> ftp.agtutoia.com.br /public_html/estoque6/application/helpers/mpdf/ttfonts DejaVuSans-BoldOblique.ttf
2017.04.19 16:40 B D:\www\estoque6\application\helpers\mpdf\ttfonts\DejaVuSans-Bold.ttf --> ftp.agtutoia.com.br /public_html/estoque6/application/helpers/mpdf/ttfonts DejaVuSans-Bold.ttf
2017.04.19 16:40 B D:\www\estoque6\application\helpers\mpdf\ttfonts\DejaVuinfo.txt --> ftp.agtutoia.com.br /public_html/estoque6/application/helpers/mpdf/ttfonts DejaVuinfo.txt
