2017.04.18 18:59 B D:\www\estoque6\application\helpers\mpdf\font\ccourier.php <-- @estoque /public_html/dev/estoque/application/helpers/mpdf/font ccourier.php
2017.04.18 18:59 B D:\www\estoque6\application\helpers\mpdf\font\ccourierb.php <-- @estoque /public_html/dev/estoque/application/helpers/mpdf/font ccourierb.php
2017.04.18 18:59 B D:\www\estoque6\application\helpers\mpdf\font\ccourierbi.php <-- @estoque /public_html/dev/estoque/application/helpers/mpdf/font ccourierbi.php
2017.04.18 18:59 B D:\www\estoque6\application\helpers\mpdf\font\ccourieri.php <-- @estoque /public_html/dev/estoque/application/helpers/mpdf/font ccourieri.php
2017.04.18 18:59 B D:\www\estoque6\application\helpers\mpdf\font\chelvetica.php <-- @estoque /public_html/dev/estoque/application/helpers/mpdf/font chelvetica.php
2017.04.18 18:59 B D:\www\estoque6\application\helpers\mpdf\font\chelveticab.php <-- @estoque /public_html/dev/estoque/application/helpers/mpdf/font chelveticab.php
2017.04.18 18:59 B D:\www\estoque6\application\helpers\mpdf\font\chelveticabi.php <-- @estoque /public_html/dev/estoque/application/helpers/mpdf/font chelveticabi.php
2017.04.18 18:59 B D:\www\estoque6\application\helpers\mpdf\font\chelveticai.php <-- @estoque /public_html/dev/estoque/application/helpers/mpdf/font chelveticai.php
2017.04.18 18:59 B D:\www\estoque6\application\helpers\mpdf\font\csymbol.php <-- @estoque /public_html/dev/estoque/application/helpers/mpdf/font csymbol.php
2017.04.18 18:59 B D:\www\estoque6\application\helpers\mpdf\font\ctimes.php <-- @estoque /public_html/dev/estoque/application/helpers/mpdf/font ctimes.php
2017.04.18 18:59 B D:\www\estoque6\application\helpers\mpdf\font\ctimesb.php <-- @estoque /public_html/dev/estoque/application/helpers/mpdf/font ctimesb.php
2017.04.18 18:59 B D:\www\estoque6\application\helpers\mpdf\font\ctimesbi.php <-- @estoque /public_html/dev/estoque/application/helpers/mpdf/font ctimesbi.php
2017.04.18 18:59 B D:\www\estoque6\application\helpers\mpdf\font\ctimesi.php <-- @estoque /public_html/dev/estoque/application/helpers/mpdf/font ctimesi.php
2017.04.18 18:59 B D:\www\estoque6\application\helpers\mpdf\font\czapfdingbats.php <-- @estoque /public_html/dev/estoque/application/helpers/mpdf/font czapfdingbats.php
2017.04.19 16:43 B D:\www\estoque6\application\helpers\mpdf\font\WS_FTP.LOG --> ftp.agtutoia.com.br /public_html/estoque6/application/helpers/mpdf/font WS_FTP.LOG
2017.04.19 16:43 B D:\www\estoque6\application\helpers\mpdf\font\czapfdingbats.php --> ftp.agtutoia.com.br /public_html/estoque6/application/helpers/mpdf/font czapfdingbats.php
2017.04.19 16:43 B D:\www\estoque6\application\helpers\mpdf\font\ctimesi.php --> ftp.agtutoia.com.br /public_html/estoque6/application/helpers/mpdf/font ctimesi.php
2017.04.19 16:43 B D:\www\estoque6\application\helpers\mpdf\font\ctimesbi.php --> ftp.agtutoia.com.br /public_html/estoque6/application/helpers/mpdf/font ctimesbi.php
2017.04.19 16:43 B D:\www\estoque6\application\helpers\mpdf\font\ctimesb.php --> ftp.agtutoia.com.br /public_html/estoque6/application/helpers/mpdf/font ctimesb.php
2017.04.19 16:43 B D:\www\estoque6\application\helpers\mpdf\font\ctimes.php --> ftp.agtutoia.com.br /public_html/estoque6/application/helpers/mpdf/font ctimes.php
2017.04.19 16:43 B D:\www\estoque6\application\helpers\mpdf\font\csymbol.php --> ftp.agtutoia.com.br /public_html/estoque6/application/helpers/mpdf/font csymbol.php
2017.04.19 16:43 B D:\www\estoque6\application\helpers\mpdf\font\chelveticai.php --> ftp.agtutoia.com.br /public_html/estoque6/application/helpers/mpdf/font chelveticai.php
2017.04.19 16:43 B D:\www\estoque6\application\helpers\mpdf\font\chelveticabi.php --> ftp.agtutoia.com.br /public_html/estoque6/application/helpers/mpdf/font chelveticabi.php
2017.04.19 16:43 B D:\www\estoque6\application\helpers\mpdf\font\chelveticab.php --> ftp.agtutoia.com.br /public_html/estoque6/application/helpers/mpdf/font chelveticab.php
2017.04.19 16:43 B D:\www\estoque6\application\helpers\mpdf\font\chelvetica.php --> ftp.agtutoia.com.br /public_html/estoque6/application/helpers/mpdf/font chelvetica.php
2017.04.19 16:43 B D:\www\estoque6\application\helpers\mpdf\font\ccourieri.php --> ftp.agtutoia.com.br /public_html/estoque6/application/helpers/mpdf/font ccourieri.php
2017.04.19 16:43 B D:\www\estoque6\application\helpers\mpdf\font\ccourierbi.php --> ftp.agtutoia.com.br /public_html/estoque6/application/helpers/mpdf/font ccourierbi.php
2017.04.19 16:43 B D:\www\estoque6\application\helpers\mpdf\font\ccourierb.php --> ftp.agtutoia.com.br /public_html/estoque6/application/helpers/mpdf/font ccourierb.php
2017.04.19 16:43 B D:\www\estoque6\application\helpers\mpdf\font\ccourier.php --> ftp.agtutoia.com.br /public_html/estoque6/application/helpers/mpdf/font ccourier.php
