2017.04.18 18:59 B D:\www\estoque6\application\helpers\mpdf\includes\CJKdata.php <-- @estoque /public_html/dev/estoque/application/helpers/mpdf/includes CJKdata.php
2017.04.18 18:59 B D:\www\estoque6\application\helpers\mpdf\includes\functions.php <-- @estoque /public_html/dev/estoque/application/helpers/mpdf/includes functions.php
2017.04.18 18:59 B D:\www\estoque6\application\helpers\mpdf\includes\linebrdictK.dat <-- @estoque /public_html/dev/estoque/application/helpers/mpdf/includes linebrdictK.dat
2017.04.18 18:59 B D:\www\estoque6\application\helpers\mpdf\includes\linebrdictL.dat <-- @estoque /public_html/dev/estoque/application/helpers/mpdf/includes linebrdictL.dat
2017.04.18 18:59 B D:\www\estoque6\application\helpers\mpdf\includes\linebrdictT.dat <-- @estoque /public_html/dev/estoque/application/helpers/mpdf/includes linebrdictT.dat
2017.04.18 18:59 B D:\www\estoque6\application\helpers\mpdf\includes\no_image.jpg <-- @estoque /public_html/dev/estoque/application/helpers/mpdf/includes no_image.jpg
2017.04.18 18:59 B D:\www\estoque6\application\helpers\mpdf\includes\out.php <-- @estoque /public_html/dev/estoque/application/helpers/mpdf/includes out.php
2017.04.18 18:59 B D:\www\estoque6\application\helpers\mpdf\includes\subs_core.php <-- @estoque /public_html/dev/estoque/application/helpers/mpdf/includes subs_core.php
2017.04.18 18:59 B D:\www\estoque6\application\helpers\mpdf\includes\subs_win-1252.php <-- @estoque /public_html/dev/estoque/application/helpers/mpdf/includes subs_win-1252.php
2017.04.18 18:59 B D:\www\estoque6\application\helpers\mpdf\includes\upperCase.php <-- @estoque /public_html/dev/estoque/application/helpers/mpdf/includes upperCase.php
2017.04.19 16:42 B D:\www\estoque6\application\helpers\mpdf\includes\WS_FTP.LOG --> ftp.agtutoia.com.br /public_html/estoque6/application/helpers/mpdf/includes WS_FTP.LOG
2017.04.19 16:42 B D:\www\estoque6\application\helpers\mpdf\includes\upperCase.php --> ftp.agtutoia.com.br /public_html/estoque6/application/helpers/mpdf/includes upperCase.php
2017.04.19 16:42 B D:\www\estoque6\application\helpers\mpdf\includes\subs_win-1252.php --> ftp.agtutoia.com.br /public_html/estoque6/application/helpers/mpdf/includes subs_win-1252.php
2017.04.19 16:42 B D:\www\estoque6\application\helpers\mpdf\includes\subs_core.php --> ftp.agtutoia.com.br /public_html/estoque6/application/helpers/mpdf/includes subs_core.php
2017.04.19 16:42 B D:\www\estoque6\application\helpers\mpdf\includes\out.php --> ftp.agtutoia.com.br /public_html/estoque6/application/helpers/mpdf/includes out.php
2017.04.19 16:42 B D:\www\estoque6\application\helpers\mpdf\includes\no_image.jpg --> ftp.agtutoia.com.br /public_html/estoque6/application/helpers/mpdf/includes no_image.jpg
2017.04.19 16:43 B D:\www\estoque6\application\helpers\mpdf\includes\linebrdictT.dat --> ftp.agtutoia.com.br /public_html/estoque6/application/helpers/mpdf/includes linebrdictT.dat
2017.04.19 16:43 B D:\www\estoque6\application\helpers\mpdf\includes\linebrdictL.dat --> ftp.agtutoia.com.br /public_html/estoque6/application/helpers/mpdf/includes linebrdictL.dat
2017.04.19 16:43 B D:\www\estoque6\application\helpers\mpdf\includes\linebrdictK.dat --> ftp.agtutoia.com.br /public_html/estoque6/application/helpers/mpdf/includes linebrdictK.dat
2017.04.19 16:43 B D:\www\estoque6\application\helpers\mpdf\includes\functions.php --> ftp.agtutoia.com.br /public_html/estoque6/application/helpers/mpdf/includes functions.php
2017.04.19 16:43 B D:\www\estoque6\application\helpers\mpdf\includes\CJKdata.php --> ftp.agtutoia.com.br /public_html/estoque6/application/helpers/mpdf/includes CJKdata.php
