2017.04.18 19:05 B D:\www\estoque6\application\helpers\mpdf\CHANGELOG.txt <-- @estoque /public_html/dev/estoque/application/helpers/mpdf CHANGELOG.txt
2017.04.18 19:05 B D:\www\estoque6\application\helpers\mpdf\compress.php <-- @estoque /public_html/dev/estoque/application/helpers/mpdf compress.php
2017.04.18 19:05 B D:\www\estoque6\application\helpers\mpdf\config.php <-- @estoque /public_html/dev/estoque/application/helpers/mpdf config.php
2017.04.18 19:05 B D:\www\estoque6\application\helpers\mpdf\config_fonts-distr-without-OTL.php <-- @estoque /public_html/dev/estoque/application/helpers/mpdf config_fonts-distr-without-OTL.php
2017.04.18 19:05 B D:\www\estoque6\application\helpers\mpdf\config_fonts.php <-- @estoque /public_html/dev/estoque/application/helpers/mpdf config_fonts.php
2017.04.18 19:05 B D:\www\estoque6\application\helpers\mpdf\config_lang2fonts.php <-- @estoque /public_html/dev/estoque/application/helpers/mpdf config_lang2fonts.php
2017.04.18 19:05 B D:\www\estoque6\application\helpers\mpdf\config_script2lang.php <-- @estoque /public_html/dev/estoque/application/helpers/mpdf config_script2lang.php
2017.04.18 19:05 B D:\www\estoque6\application\helpers\mpdf\CREDITS.txt <-- @estoque /public_html/dev/estoque/application/helpers/mpdf CREDITS.txt
2017.04.18 19:05 B D:\www\estoque6\application\helpers\mpdf\graph.php <-- @estoque /public_html/dev/estoque/application/helpers/mpdf graph.php
2017.04.18 19:05 B D:\www\estoque6\application\helpers\mpdf\lang2fonts.css <-- @estoque /public_html/dev/estoque/application/helpers/mpdf lang2fonts.css
2017.04.18 19:05 B D:\www\estoque6\application\helpers\mpdf\LICENSE.txt <-- @estoque /public_html/dev/estoque/application/helpers/mpdf LICENSE.txt
2017.04.18 19:05 B D:\www\estoque6\application\helpers\mpdf\mpdf.css <-- @estoque /public_html/dev/estoque/application/helpers/mpdf mpdf.css
2017.04.18 19:05 B D:\www\estoque6\application\helpers\mpdf\mpdf.php <-- @estoque /public_html/dev/estoque/application/helpers/mpdf mpdf.php
2017.04.18 19:05 B D:\www\estoque6\application\helpers\mpdf\progbar.css <-- @estoque /public_html/dev/estoque/application/helpers/mpdf progbar.css
2017.04.18 19:05 B D:\www\estoque6\application\helpers\mpdf\README.txt <-- @estoque /public_html/dev/estoque/application/helpers/mpdf README.txt
2017.04.19 16:44 B D:\www\estoque6\application\helpers\mpdf\WS_FTP.LOG --> ftp.agtutoia.com.br /public_html/estoque6/application/helpers/mpdf WS_FTP.LOG
2017.04.19 16:44 B D:\www\estoque6\application\helpers\mpdf\README.txt --> ftp.agtutoia.com.br /public_html/estoque6/application/helpers/mpdf README.txt
2017.04.19 16:44 B D:\www\estoque6\application\helpers\mpdf\progbar.css --> ftp.agtutoia.com.br /public_html/estoque6/application/helpers/mpdf progbar.css
2017.04.19 16:44 B D:\www\estoque6\application\helpers\mpdf\mpdf.php --> ftp.agtutoia.com.br /public_html/estoque6/application/helpers/mpdf mpdf.php
2017.04.19 16:44 B D:\www\estoque6\application\helpers\mpdf\mpdf.css --> ftp.agtutoia.com.br /public_html/estoque6/application/helpers/mpdf mpdf.css
2017.04.19 16:44 B D:\www\estoque6\application\helpers\mpdf\LICENSE.txt --> ftp.agtutoia.com.br /public_html/estoque6/application/helpers/mpdf LICENSE.txt
2017.04.19 16:44 B D:\www\estoque6\application\helpers\mpdf\lang2fonts.css --> ftp.agtutoia.com.br /public_html/estoque6/application/helpers/mpdf lang2fonts.css
2017.04.19 16:44 B D:\www\estoque6\application\helpers\mpdf\graph.php --> ftp.agtutoia.com.br /public_html/estoque6/application/helpers/mpdf graph.php
2017.04.19 16:44 B D:\www\estoque6\application\helpers\mpdf\CREDITS.txt --> ftp.agtutoia.com.br /public_html/estoque6/application/helpers/mpdf CREDITS.txt
2017.04.19 16:44 B D:\www\estoque6\application\helpers\mpdf\config_script2lang.php --> ftp.agtutoia.com.br /public_html/estoque6/application/helpers/mpdf config_script2lang.php
2017.04.19 16:44 B D:\www\estoque6\application\helpers\mpdf\config_lang2fonts.php --> ftp.agtutoia.com.br /public_html/estoque6/application/helpers/mpdf config_lang2fonts.php
2017.04.19 16:44 B D:\www\estoque6\application\helpers\mpdf\config_fonts.php --> ftp.agtutoia.com.br /public_html/estoque6/application/helpers/mpdf config_fonts.php
2017.04.19 16:44 B D:\www\estoque6\application\helpers\mpdf\config_fonts-distr-without-OTL.php --> ftp.agtutoia.com.br /public_html/estoque6/application/helpers/mpdf config_fonts-distr-without-OTL.php
2017.04.19 16:44 B D:\www\estoque6\application\helpers\mpdf\config.php --> ftp.agtutoia.com.br /public_html/estoque6/application/helpers/mpdf config.php
2017.04.19 16:44 B D:\www\estoque6\application\helpers\mpdf\compress.php --> ftp.agtutoia.com.br /public_html/estoque6/application/helpers/mpdf compress.php
2017.04.19 16:44 B D:\www\estoque6\application\helpers\mpdf\CHANGELOG.txt --> ftp.agtutoia.com.br /public_html/estoque6/application/helpers/mpdf CHANGELOG.txt
