2017.04.18 18:58 B D:\www\estoque6\application\helpers\mpdf\classes\barcode.php <-- @estoque /public_html/dev/estoque/application/helpers/mpdf/classes barcode.php
2017.04.18 18:58 B D:\www\estoque6\application\helpers\mpdf\classes\bmp.php <-- @estoque /public_html/dev/estoque/application/helpers/mpdf/classes bmp.php
2017.04.18 18:58 B D:\www\estoque6\application\helpers\mpdf\classes\cssmgr.php <-- @estoque /public_html/dev/estoque/application/helpers/mpdf/classes cssmgr.php
2017.04.18 18:58 B D:\www\estoque6\application\helpers\mpdf\classes\desktop.ini <-- @estoque /public_html/dev/estoque/application/helpers/mpdf/classes desktop.ini
2017.04.18 18:58 B D:\www\estoque6\application\helpers\mpdf\classes\directw.php <-- @estoque /public_html/dev/estoque/application/helpers/mpdf/classes directw.php
2017.04.18 18:58 B D:\www\estoque6\application\helpers\mpdf\classes\gif.php <-- @estoque /public_html/dev/estoque/application/helpers/mpdf/classes gif.php
2017.04.18 18:58 B D:\www\estoque6\application\helpers\mpdf\classes\grad.php <-- @estoque /public_html/dev/estoque/application/helpers/mpdf/classes grad.php
2017.04.18 18:58 B D:\www\estoque6\application\helpers\mpdf\classes\indic.php <-- @estoque /public_html/dev/estoque/application/helpers/mpdf/classes indic.php
2017.04.18 18:58 B D:\www\estoque6\application\helpers\mpdf\classes\meter.php <-- @estoque /public_html/dev/estoque/application/helpers/mpdf/classes meter.php
2017.04.18 18:58 B D:\www\estoque6\application\helpers\mpdf\classes\mpdfform.php <-- @estoque /public_html/dev/estoque/application/helpers/mpdf/classes mpdfform.php
2017.04.18 18:58 B D:\www\estoque6\application\helpers\mpdf\classes\myanmar.php <-- @estoque /public_html/dev/estoque/application/helpers/mpdf/classes myanmar.php
2017.04.18 18:58 B D:\www\estoque6\application\helpers\mpdf\classes\otl.php <-- @estoque /public_html/dev/estoque/application/helpers/mpdf/classes otl.php
2017.04.18 18:59 B D:\www\estoque6\application\helpers\mpdf\classes\otl_dump.php <-- @estoque /public_html/dev/estoque/application/helpers/mpdf/classes otl_dump.php
2017.04.18 18:59 B D:\www\estoque6\application\helpers\mpdf\classes\sea.php <-- @estoque /public_html/dev/estoque/application/helpers/mpdf/classes sea.php
2017.04.18 18:59 B D:\www\estoque6\application\helpers\mpdf\classes\svg.php <-- @estoque /public_html/dev/estoque/application/helpers/mpdf/classes svg.php
2017.04.18 18:59 B D:\www\estoque6\application\helpers\mpdf\classes\tocontents.php <-- @estoque /public_html/dev/estoque/application/helpers/mpdf/classes tocontents.php
2017.04.18 18:59 B D:\www\estoque6\application\helpers\mpdf\classes\ttfontsuni.php <-- @estoque /public_html/dev/estoque/application/helpers/mpdf/classes ttfontsuni.php
2017.04.18 18:59 B D:\www\estoque6\application\helpers\mpdf\classes\ttfontsuni_analysis.php <-- @estoque /public_html/dev/estoque/application/helpers/mpdf/classes ttfontsuni_analysis.php
2017.04.18 18:59 B D:\www\estoque6\application\helpers\mpdf\classes\ucdn.php <-- @estoque /public_html/dev/estoque/application/helpers/mpdf/classes ucdn.php
2017.04.18 18:59 B D:\www\estoque6\application\helpers\mpdf\classes\wmf.php <-- @estoque /public_html/dev/estoque/application/helpers/mpdf/classes wmf.php
2017.04.19 16:43 B D:\www\estoque6\application\helpers\mpdf\classes\WS_FTP.LOG --> ftp.agtutoia.com.br /public_html/estoque6/application/helpers/mpdf/classes WS_FTP.LOG
2017.04.19 16:43 B D:\www\estoque6\application\helpers\mpdf\classes\wmf.php --> ftp.agtutoia.com.br /public_html/estoque6/application/helpers/mpdf/classes wmf.php
2017.04.19 16:43 B D:\www\estoque6\application\helpers\mpdf\classes\ucdn.php --> ftp.agtutoia.com.br /public_html/estoque6/application/helpers/mpdf/classes ucdn.php
2017.04.19 16:43 B D:\www\estoque6\application\helpers\mpdf\classes\ttfontsuni_analysis.php --> ftp.agtutoia.com.br /public_html/estoque6/application/helpers/mpdf/classes ttfontsuni_analysis.php
2017.04.19 16:43 B D:\www\estoque6\application\helpers\mpdf\classes\ttfontsuni.php --> ftp.agtutoia.com.br /public_html/estoque6/application/helpers/mpdf/classes ttfontsuni.php
2017.04.19 16:43 B D:\www\estoque6\application\helpers\mpdf\classes\tocontents.php --> ftp.agtutoia.com.br /public_html/estoque6/application/helpers/mpdf/classes tocontents.php
2017.04.19 16:43 B D:\www\estoque6\application\helpers\mpdf\classes\svg.php --> ftp.agtutoia.com.br /public_html/estoque6/application/helpers/mpdf/classes svg.php
2017.04.19 16:43 B D:\www\estoque6\application\helpers\mpdf\classes\sea.php --> ftp.agtutoia.com.br /public_html/estoque6/application/helpers/mpdf/classes sea.php
2017.04.19 16:43 B D:\www\estoque6\application\helpers\mpdf\classes\otl_dump.php --> ftp.agtutoia.com.br /public_html/estoque6/application/helpers/mpdf/classes otl_dump.php
2017.04.19 16:43 B D:\www\estoque6\application\helpers\mpdf\classes\otl.php --> ftp.agtutoia.com.br /public_html/estoque6/application/helpers/mpdf/classes otl.php
2017.04.19 16:43 B D:\www\estoque6\application\helpers\mpdf\classes\myanmar.php --> ftp.agtutoia.com.br /public_html/estoque6/application/helpers/mpdf/classes myanmar.php
2017.04.19 16:43 B D:\www\estoque6\application\helpers\mpdf\classes\mpdfform.php --> ftp.agtutoia.com.br /public_html/estoque6/application/helpers/mpdf/classes mpdfform.php
2017.04.19 16:43 B D:\www\estoque6\application\helpers\mpdf\classes\meter.php --> ftp.agtutoia.com.br /public_html/estoque6/application/helpers/mpdf/classes meter.php
2017.04.19 16:43 B D:\www\estoque6\application\helpers\mpdf\classes\indic.php --> ftp.agtutoia.com.br /public_html/estoque6/application/helpers/mpdf/classes indic.php
2017.04.19 16:43 B D:\www\estoque6\application\helpers\mpdf\classes\grad.php --> ftp.agtutoia.com.br /public_html/estoque6/application/helpers/mpdf/classes grad.php
2017.04.19 16:43 B D:\www\estoque6\application\helpers\mpdf\classes\gif.php --> ftp.agtutoia.com.br /public_html/estoque6/application/helpers/mpdf/classes gif.php
2017.04.19 16:43 B D:\www\estoque6\application\helpers\mpdf\classes\directw.php --> ftp.agtutoia.com.br /public_html/estoque6/application/helpers/mpdf/classes directw.php
2017.04.19 16:43 B D:\www\estoque6\application\helpers\mpdf\classes\desktop.ini --> ftp.agtutoia.com.br /public_html/estoque6/application/helpers/mpdf/classes desktop.ini
2017.04.19 16:43 B D:\www\estoque6\application\helpers\mpdf\classes\cssmgr.php --> ftp.agtutoia.com.br /public_html/estoque6/application/helpers/mpdf/classes cssmgr.php
2017.04.19 16:43 B D:\www\estoque6\application\helpers\mpdf\classes\bmp.php --> ftp.agtutoia.com.br /public_html/estoque6/application/helpers/mpdf/classes bmp.php
2017.04.19 16:44 B D:\www\estoque6\application\helpers\mpdf\classes\barcode.php --> ftp.agtutoia.com.br /public_html/estoque6/application/helpers/mpdf/classes barcode.php
