2017.04.18 19:03 B D:\www\estoque6\application\helpers\mpdf\ttfontdata\dejavusanscondensed.cw.dat <-- @estoque /public_html/dev/estoque/application/helpers/mpdf/ttfontdata dejavusanscondensed.cw.dat
2017.04.18 19:03 B D:\www\estoque6\application\helpers\mpdf\ttfontdata\dejavusanscondensed.cw127.php <-- @estoque /public_html/dev/estoque/application/helpers/mpdf/ttfontdata dejavusanscondensed.cw127.php
2017.04.18 19:03 B D:\www\estoque6\application\helpers\mpdf\ttfontdata\dejavusanscondensed.GDEFdata.php <-- @estoque /public_html/dev/estoque/application/helpers/mpdf/ttfontdata dejavusanscondensed.GDEFdata.php
2017.04.18 19:04 B D:\www\estoque6\application\helpers\mpdf\ttfontdata\dejavusanscondensed.gid.dat <-- @estoque /public_html/dev/estoque/application/helpers/mpdf/ttfontdata dejavusanscondensed.gid.dat
2017.04.18 19:04 B D:\www\estoque6\application\helpers\mpdf\ttfontdata\dejavusanscondensed.GPOSdata.php <-- @estoque /public_html/dev/estoque/application/helpers/mpdf/ttfontdata dejavusanscondensed.GPOSdata.php
2017.04.18 19:04 B D:\www\estoque6\application\helpers\mpdf\ttfontdata\dejavusanscondensed.GSUB.arab.DFLT.php <-- @estoque /public_html/dev/estoque/application/helpers/mpdf/ttfontdata dejavusanscondensed.GSUB.arab.DFLT.php
2017.04.18 19:04 B D:\www\estoque6\application\helpers\mpdf\ttfontdata\dejavusanscondensed.GSUB.arab.KUR .php <-- @estoque /public_html/dev/estoque/application/helpers/mpdf/ttfontdata dejavusanscondensed.GSUB.arab.KUR .php
2017.04.18 19:04 B D:\www\estoque6\application\helpers\mpdf\ttfontdata\dejavusanscondensed.GSUB.arab.SND .php <-- @estoque /public_html/dev/estoque/application/helpers/mpdf/ttfontdata dejavusanscondensed.GSUB.arab.SND .php
2017.04.18 19:04 B D:\www\estoque6\application\helpers\mpdf\ttfontdata\dejavusanscondensed.GSUB.arab.URD .php <-- @estoque /public_html/dev/estoque/application/helpers/mpdf/ttfontdata dejavusanscondensed.GSUB.arab.URD .php
2017.04.18 19:04 B D:\www\estoque6\application\helpers\mpdf\ttfontdata\dejavusanscondensed.GSUB.nko .DFLT.php <-- @estoque /public_html/dev/estoque/application/helpers/mpdf/ttfontdata dejavusanscondensed.GSUB.nko .DFLT.php
2017.04.18 19:04 B D:\www\estoque6\application\helpers\mpdf\ttfontdata\dejavusanscondensed.GSUBdata.php <-- @estoque /public_html/dev/estoque/application/helpers/mpdf/ttfontdata dejavusanscondensed.GSUBdata.php
2017.04.18 19:04 B D:\www\estoque6\application\helpers\mpdf\ttfontdata\dejavusanscondensed.GSUBGPOStables.dat <-- @estoque /public_html/dev/estoque/application/helpers/mpdf/ttfontdata dejavusanscondensed.GSUBGPOStables.dat
2017.04.18 19:04 B D:\www\estoque6\application\helpers\mpdf\ttfontdata\dejavusanscondensed.mtx.php <-- @estoque /public_html/dev/estoque/application/helpers/mpdf/ttfontdata dejavusanscondensed.mtx.php
2017.04.18 19:04 B D:\www\estoque6\application\helpers\mpdf\ttfontdata\dejavusanscondensedB.cw.dat <-- @estoque /public_html/dev/estoque/application/helpers/mpdf/ttfontdata dejavusanscondensedB.cw.dat
2017.04.18 19:04 B D:\www\estoque6\application\helpers\mpdf\ttfontdata\dejavusanscondensedB.cw127.php <-- @estoque /public_html/dev/estoque/application/helpers/mpdf/ttfontdata dejavusanscondensedB.cw127.php
2017.04.18 19:04 B D:\www\estoque6\application\helpers\mpdf\ttfontdata\dejavusanscondensedB.GDEFdata.php <-- @estoque /public_html/dev/estoque/application/helpers/mpdf/ttfontdata dejavusanscondensedB.GDEFdata.php
2017.04.18 19:04 B D:\www\estoque6\application\helpers\mpdf\ttfontdata\dejavusanscondensedB.gid.dat <-- @estoque /public_html/dev/estoque/application/helpers/mpdf/ttfontdata dejavusanscondensedB.gid.dat
2017.04.18 19:04 B D:\www\estoque6\application\helpers\mpdf\ttfontdata\dejavusanscondensedB.GPOSdata.php <-- @estoque /public_html/dev/estoque/application/helpers/mpdf/ttfontdata dejavusanscondensedB.GPOSdata.php
2017.04.18 19:04 B D:\www\estoque6\application\helpers\mpdf\ttfontdata\dejavusanscondensedB.GSUB.arab.DFLT.php <-- @estoque /public_html/dev/estoque/application/helpers/mpdf/ttfontdata dejavusanscondensedB.GSUB.arab.DFLT.php
2017.04.18 19:04 B D:\www\estoque6\application\helpers\mpdf\ttfontdata\dejavusanscondensedB.GSUB.arab.KUR .php <-- @estoque /public_html/dev/estoque/application/helpers/mpdf/ttfontdata dejavusanscondensedB.GSUB.arab.KUR .php
2017.04.18 19:04 B D:\www\estoque6\application\helpers\mpdf\ttfontdata\dejavusanscondensedB.GSUB.arab.SND .php <-- @estoque /public_html/dev/estoque/application/helpers/mpdf/ttfontdata dejavusanscondensedB.GSUB.arab.SND .php
2017.04.18 19:04 B D:\www\estoque6\application\helpers\mpdf\ttfontdata\dejavusanscondensedB.GSUB.arab.URD .php <-- @estoque /public_html/dev/estoque/application/helpers/mpdf/ttfontdata dejavusanscondensedB.GSUB.arab.URD .php
2017.04.18 19:04 B D:\www\estoque6\application\helpers\mpdf\ttfontdata\dejavusanscondensedB.GSUB.nko .DFLT.php <-- @estoque /public_html/dev/estoque/application/helpers/mpdf/ttfontdata dejavusanscondensedB.GSUB.nko .DFLT.php
2017.04.18 19:04 B D:\www\estoque6\application\helpers\mpdf\ttfontdata\dejavusanscondensedB.GSUBdata.php <-- @estoque /public_html/dev/estoque/application/helpers/mpdf/ttfontdata dejavusanscondensedB.GSUBdata.php
2017.04.18 19:04 B D:\www\estoque6\application\helpers\mpdf\ttfontdata\dejavusanscondensedB.GSUBGPOStables.dat <-- @estoque /public_html/dev/estoque/application/helpers/mpdf/ttfontdata dejavusanscondensedB.GSUBGPOStables.dat
2017.04.18 19:04 B D:\www\estoque6\application\helpers\mpdf\ttfontdata\dejavusanscondensedB.mtx.php <-- @estoque /public_html/dev/estoque/application/helpers/mpdf/ttfontdata dejavusanscondensedB.mtx.php
2017.04.18 19:04 B D:\www\estoque6\application\helpers\mpdf\ttfontdata\dejavuserifcondensed.cw.dat <-- @estoque /public_html/dev/estoque/application/helpers/mpdf/ttfontdata dejavuserifcondensed.cw.dat
2017.04.18 19:04 B D:\www\estoque6\application\helpers\mpdf\ttfontdata\dejavuserifcondensed.mtx.php <-- @estoque /public_html/dev/estoque/application/helpers/mpdf/ttfontdata dejavuserifcondensed.mtx.php
2017.04.18 19:04 B D:\www\estoque6\application\helpers\mpdf\ttfontdata\dummy.txt <-- @estoque /public_html/dev/estoque/application/helpers/mpdf/ttfontdata dummy.txt
2017.04.19 16:40 B D:\www\estoque6\application\helpers\mpdf\ttfontdata\WS_FTP.LOG --> ftp.agtutoia.com.br /public_html/estoque6/application/helpers/mpdf/ttfontdata WS_FTP.LOG
2017.04.19 16:40 B D:\www\estoque6\application\helpers\mpdf\ttfontdata\dejavuserifcondensed.gid.dat --> ftp.agtutoia.com.br /public_html/estoque6/application/helpers/mpdf/ttfontdata dejavuserifcondensed.gid.dat
2017.04.19 16:40 B D:\www\estoque6\application\helpers\mpdf\ttfontdata\dummy.txt --> ftp.agtutoia.com.br /public_html/estoque6/application/helpers/mpdf/ttfontdata dummy.txt
2017.04.19 16:40 B D:\www\estoque6\application\helpers\mpdf\ttfontdata\dejavuserifcondensed.mtx.php --> ftp.agtutoia.com.br /public_html/estoque6/application/helpers/mpdf/ttfontdata dejavuserifcondensed.mtx.php
2017.04.19 16:41 B D:\www\estoque6\application\helpers\mpdf\ttfontdata\dejavuserifcondensed.cw.dat --> ftp.agtutoia.com.br /public_html/estoque6/application/helpers/mpdf/ttfontdata dejavuserifcondensed.cw.dat
2017.04.19 16:41 B D:\www\estoque6\application\helpers\mpdf\ttfontdata\dejavusanscondensedB.mtx.php --> ftp.agtutoia.com.br /public_html/estoque6/application/helpers/mpdf/ttfontdata dejavusanscondensedB.mtx.php
2017.04.19 16:41 B D:\www\estoque6\application\helpers\mpdf\ttfontdata\dejavusanscondensedB.GSUBGPOStables.dat --> ftp.agtutoia.com.br /public_html/estoque6/application/helpers/mpdf/ttfontdata dejavusanscondensedB.GSUBGPOStables.dat
2017.04.19 16:41 B D:\www\estoque6\application\helpers\mpdf\ttfontdata\dejavusanscondensedB.GSUBdata.php --> ftp.agtutoia.com.br /public_html/estoque6/application/helpers/mpdf/ttfontdata dejavusanscondensedB.GSUBdata.php
2017.04.19 16:41 B D:\www\estoque6\application\helpers\mpdf\ttfontdata\dejavusanscondensedB.GSUB.nko .DFLT.php --> ftp.agtutoia.com.br /public_html/estoque6/application/helpers/mpdf/ttfontdata dejavusanscondensedB.GSUB.nko .DFLT.php
2017.04.19 16:41 B D:\www\estoque6\application\helpers\mpdf\ttfontdata\dejavusanscondensedB.GSUB.arab.URD .php --> ftp.agtutoia.com.br /public_html/estoque6/application/helpers/mpdf/ttfontdata dejavusanscondensedB.GSUB.arab.URD .php
2017.04.19 16:41 B D:\www\estoque6\application\helpers\mpdf\ttfontdata\dejavusanscondensedB.GSUB.arab.SND .php --> ftp.agtutoia.com.br /public_html/estoque6/application/helpers/mpdf/ttfontdata dejavusanscondensedB.GSUB.arab.SND .php
2017.04.19 16:41 B D:\www\estoque6\application\helpers\mpdf\ttfontdata\dejavusanscondensedB.GSUB.arab.KUR .php --> ftp.agtutoia.com.br /public_html/estoque6/application/helpers/mpdf/ttfontdata dejavusanscondensedB.GSUB.arab.KUR .php
2017.04.19 16:41 B D:\www\estoque6\application\helpers\mpdf\ttfontdata\dejavusanscondensedB.GSUB.arab.DFLT.php --> ftp.agtutoia.com.br /public_html/estoque6/application/helpers/mpdf/ttfontdata dejavusanscondensedB.GSUB.arab.DFLT.php
2017.04.19 16:41 B D:\www\estoque6\application\helpers\mpdf\ttfontdata\dejavusanscondensedB.GPOSdata.php --> ftp.agtutoia.com.br /public_html/estoque6/application/helpers/mpdf/ttfontdata dejavusanscondensedB.GPOSdata.php
2017.04.19 16:41 B D:\www\estoque6\application\helpers\mpdf\ttfontdata\dejavusanscondensedB.gid.dat --> ftp.agtutoia.com.br /public_html/estoque6/application/helpers/mpdf/ttfontdata dejavusanscondensedB.gid.dat
2017.04.19 16:41 B D:\www\estoque6\application\helpers\mpdf\ttfontdata\dejavusanscondensedB.GDEFdata.php --> ftp.agtutoia.com.br /public_html/estoque6/application/helpers/mpdf/ttfontdata dejavusanscondensedB.GDEFdata.php
2017.04.19 16:41 B D:\www\estoque6\application\helpers\mpdf\ttfontdata\dejavusanscondensedB.cw127.php --> ftp.agtutoia.com.br /public_html/estoque6/application/helpers/mpdf/ttfontdata dejavusanscondensedB.cw127.php
2017.04.19 16:41 B D:\www\estoque6\application\helpers\mpdf\ttfontdata\dejavusanscondensedB.cw.dat --> ftp.agtutoia.com.br /public_html/estoque6/application/helpers/mpdf/ttfontdata dejavusanscondensedB.cw.dat
2017.04.19 16:41 B D:\www\estoque6\application\helpers\mpdf\ttfontdata\dejavusanscondensed.mtx.php --> ftp.agtutoia.com.br /public_html/estoque6/application/helpers/mpdf/ttfontdata dejavusanscondensed.mtx.php
2017.04.19 16:41 B D:\www\estoque6\application\helpers\mpdf\ttfontdata\dejavusanscondensed.GSUBGPOStables.dat --> ftp.agtutoia.com.br /public_html/estoque6/application/helpers/mpdf/ttfontdata dejavusanscondensed.GSUBGPOStables.dat
2017.04.19 16:41 B D:\www\estoque6\application\helpers\mpdf\ttfontdata\dejavusanscondensed.GSUBdata.php --> ftp.agtutoia.com.br /public_html/estoque6/application/helpers/mpdf/ttfontdata dejavusanscondensed.GSUBdata.php
2017.04.19 16:41 B D:\www\estoque6\application\helpers\mpdf\ttfontdata\dejavusanscondensed.GSUB.nko .DFLT.php --> ftp.agtutoia.com.br /public_html/estoque6/application/helpers/mpdf/ttfontdata dejavusanscondensed.GSUB.nko .DFLT.php
2017.04.19 16:41 B D:\www\estoque6\application\helpers\mpdf\ttfontdata\dejavusanscondensed.GSUB.arab.URD .php --> ftp.agtutoia.com.br /public_html/estoque6/application/helpers/mpdf/ttfontdata dejavusanscondensed.GSUB.arab.URD .php
2017.04.19 16:41 B D:\www\estoque6\application\helpers\mpdf\ttfontdata\dejavusanscondensed.GSUB.arab.SND .php --> ftp.agtutoia.com.br /public_html/estoque6/application/helpers/mpdf/ttfontdata dejavusanscondensed.GSUB.arab.SND .php
2017.04.19 16:41 B D:\www\estoque6\application\helpers\mpdf\ttfontdata\dejavusanscondensed.GSUB.arab.KUR .php --> ftp.agtutoia.com.br /public_html/estoque6/application/helpers/mpdf/ttfontdata dejavusanscondensed.GSUB.arab.KUR .php
2017.04.19 16:41 B D:\www\estoque6\application\helpers\mpdf\ttfontdata\dejavusanscondensed.GSUB.arab.DFLT.php --> ftp.agtutoia.com.br /public_html/estoque6/application/helpers/mpdf/ttfontdata dejavusanscondensed.GSUB.arab.DFLT.php
2017.04.19 16:41 B D:\www\estoque6\application\helpers\mpdf\ttfontdata\dejavusanscondensed.GPOSdata.php --> ftp.agtutoia.com.br /public_html/estoque6/application/helpers/mpdf/ttfontdata dejavusanscondensed.GPOSdata.php
2017.04.19 16:41 B D:\www\estoque6\application\helpers\mpdf\ttfontdata\dejavusanscondensed.gid.dat --> ftp.agtutoia.com.br /public_html/estoque6/application/helpers/mpdf/ttfontdata dejavusanscondensed.gid.dat
2017.04.19 16:41 B D:\www\estoque6\application\helpers\mpdf\ttfontdata\dejavusanscondensed.GDEFdata.php --> ftp.agtutoia.com.br /public_html/estoque6/application/helpers/mpdf/ttfontdata dejavusanscondensed.GDEFdata.php
2017.04.19 16:41 B D:\www\estoque6\application\helpers\mpdf\ttfontdata\dejavusanscondensed.cw127.php --> ftp.agtutoia.com.br /public_html/estoque6/application/helpers/mpdf/ttfontdata dejavusanscondensed.cw127.php
2017.04.19 16:41 B D:\www\estoque6\application\helpers\mpdf\ttfontdata\dejavusanscondensed.cw.dat --> ftp.agtutoia.com.br /public_html/estoque6/application/helpers/mpdf/ttfontdata dejavusanscondensed.cw.dat
